This is TeX, Version 3.14159 (Web2C 7.3.1) (format=latex 2001.5.15)  2 JUN 2003 08:35
**\nonstopmode\input{lista_rt_rp.tex}
(lista_rt_rp.tex (/usr/share/texmf/tex/latex/base/report.cls
Document Class: report 2000/05/19 v1.4b Standard LaTeX document class
(/usr/share/texmf/tex/latex/base/size11.clo
File: size11.clo 2000/05/19 v1.4b Standard LaTeX file (size option)
)
\c@part=\count79
\c@chapter=\count80
\c@section=\count81
\c@subsection=\count82
\c@subsubsection=\count83
\c@paragraph=\count84
\c@subparagraph=\count85
\c@figure=\count86
\c@table=\count87
\abovecaptionskip=\skip41
\belowcaptionskip=\skip42
\bibindent=\dimen102
)
(/usr/share/texmf/tex/latex/base/inputenc.sty
Package: inputenc 2000/07/01 v0.996 Input encoding file 

(/usr/share/texmf/tex/latex/base/latin1.def
File: latin1.def 2000/07/01 v0.996 Input encoding file 
))
(/usr/share/texmf/tex/latex/graphics/graphicx.sty
Package: graphicx 1999/02/16 v1.0f Enhanced LaTeX Graphics (DPC,SPQR)

(/usr/share/texmf/tex/latex/graphics/keyval.sty
Package: keyval 1999/03/16 v1.13 key=value parser (DPC)
\KV@toks@=\toks14
)
(/usr/share/texmf/tex/latex/graphics/graphics.sty
Package: graphics 1999/02/16 v1.0l Standard LaTeX Graphics (DPC,SPQR)

(/usr/share/texmf/tex/latex/graphics/trig.sty
Package: trig 1999/03/16 v1.09 sin cos tan (DPC)
)
(/usr/share/texmf/tex/latex/config/graphics.cfg)
Package graphics Info: Driver file: dvips.def on input line 80.

(/usr/share/texmf/tex/latex/graphics/dvips.def
File: dvips.def 1999/02/16 v3.0i Driver-dependant file (DPC,SPQR)
))
\Gin@req@height=\dimen103
\Gin@req@width=\dimen104
)
\c@algo=\count88
\c@theor=\count89
\c@assum=\count90
\c@defin=\count91
\c@lemma=\count92
\c@propo=\count93
\c@propr=\count94
\c@coroll=\count95
\c@exemp=\count96
\c@remarq=\count97


LaTeX Warning: Unused global option(s):
    [epsf].

(lista_rt_rp.aux)
\openout1 = `lista_rt_rp.aux'.

LaTeX Font Info:    Checking defaults for OML/cmm/m/it on input line 105.
LaTeX Font Info:    ... okay on input line 105.
LaTeX Font Info:    Checking defaults for T1/cmr/m/n on input line 105.
LaTeX Font Info:    ... okay on input line 105.
LaTeX Font Info:    Checking defaults for OT1/cmr/m/n on input line 105.
LaTeX Font Info:    ... okay on input line 105.
LaTeX Font Info:    Checking defaults for OMS/cmsy/m/n on input line 105.
LaTeX Font Info:    ... okay on input line 105.
LaTeX Font Info:    Checking defaults for OMX/cmex/m/n on input line 105.
LaTeX Font Info:    ... okay on input line 105.
LaTeX Font Info:    Checking defaults for U/cmr/m/n on input line 105.
LaTeX Font Info:    ... okay on input line 105.
LaTeX Font Info:    External font `cmex10' loaded for size
(Font)              <10.95> on input line 128.
LaTeX Font Info:    External font `cmex10' loaded for size
(Font)              <8> on input line 128.
LaTeX Font Info:    External font `cmex10' loaded for size
(Font)              <6> on input line 128.
LaTeX Font Info:    External font `cmex10' loaded for size
(Font)              <12> on input line 141.
LaTeX Font Info:    External font `cmex10' loaded for size
(Font)              <5> on input line 158.
 [1

]
File: pert.eps Graphic file (type eps)
 <pert.eps> [2]
File: sens.eps Graphic file (type eps)
 <sens.eps>
File: robus.eps Graphic file (type eps)
 <robus.eps>
File: smf_ct_pl.eps Graphic file (type eps)
 <smf_ct_pl.eps>
[3] (lista_rt_rp.aux) ) 
Here is how much of TeX's memory you used:
 693 strings out of 25890
 7109 string characters out of 197430
 57250 words of memory out of 384000
 3677 multiletter control sequences out of 10000+15000
 7946 words of font info for 28 fonts, out of 400000 for 1000
 14 hyphenation exceptions out of 1000
 26i,10n,21p,208b,338s stack positions out of 300i,100n,500p,50000b,4000s

Output written on lista_rt_rp.dvi (3 pages, 9424 bytes).
