\BOOKMARK [0][-]{chapter.1}{Introdu\347\343o}{}
\BOOKMARK [0][-]{chapter.2}{Sistemas Mec\342nicos N\343o Holon\364micos}{}
\BOOKMARK [1][-]{section.2.1}{Introdu\347\343o}{chapter.2}
\BOOKMARK [1][-]{section.2.2}{Equa\347\365es n\343o holon\364micas}{chapter.2}
\BOOKMARK [0][-]{chapter.3}{Cinem\341tica e Din\342mica de Rob\364s M\363veis}{}
\BOOKMARK [1][-]{section.3.1}{Introdu\347\343o}{chapter.3}
\BOOKMARK [1][-]{section.3.2}{Cinem\341tica de rob\364s m\363veis}{chapter.3}
\BOOKMARK [1][-]{section.3.3}{Descri\347\343o das rodas}{chapter.3}
\BOOKMARK [1][-]{section.3.4}{Restri\347\365es \340 mobilidade de um rob\364 m\363vel}{chapter.3}
\BOOKMARK [1][-]{section.3.5}{Modelo cinem\341tico de postura}{chapter.3}
\BOOKMARK [1][-]{section.3.6}{Modelo cinem\341tico de configura\347\343o}{chapter.3}
\BOOKMARK [1][-]{section.3.7}{Modelo din\342mico de configura\347\343o}{chapter.3}
\BOOKMARK [1][-]{section.3.8}{Modelo din\342mico de postura}{chapter.3}
\BOOKMARK [0][-]{chapter.4}{Controle de Rob\364s M\363veis}{}
\BOOKMARK [1][-]{section.4.1}{Introdu\347\343o}{chapter.4}
\BOOKMARK [1][-]{section.4.2}{Classifica\347\365es}{chapter.4}
\BOOKMARK [2][-]{subsection.4.2.1}{Classifica\347\343o quanto ao modelo utilizado}{section.4.2}
\BOOKMARK [2][-]{subsection.4.2.2}{Classifica\347\343o quanto \340 metodologia de controle}{section.4.2}
\BOOKMARK [2][-]{subsection.4.2.3}{Classifica\347\343o quanto \340 malha de controle}{section.4.2}
\BOOKMARK [2][-]{subsection.4.2.4}{Classifica\347\343o quanto ao objetivo do controle em malha fechada}{section.4.2}
\BOOKMARK [0][-]{chapter.5}{Exemplo: Rob\364 M\363vel com Acionamento Diferencial}{}
\BOOKMARK [1][-]{section.5.1}{Introdu\347\343o}{chapter.5}
\BOOKMARK [1][-]{section.5.2}{Modelos cinem\341tico e din\342mico}{chapter.5}
\BOOKMARK [2][-]{subsection.5.2.1}{Defini\347\343o das restri\347\365es n\343o holon\364micas}{section.5.2}
\BOOKMARK [2][-]{subsection.5.2.2}{Defini\347\343o da classe do rob\364}{section.5.2}
\BOOKMARK [2][-]{subsection.5.2.3}{Modelo cinem\341tico de postura}{section.5.2}
\BOOKMARK [2][-]{subsection.5.2.4}{Modelo cinem\341tico de configura\347\343o}{section.5.2}
\BOOKMARK [2][-]{subsection.5.2.5}{Modelo din\342mico de configura\347\343o}{section.5.2}
\BOOKMARK [1][-]{section.5.3}{Lineariza\347\343o entrada-sa\355da por realimenta\347\343o est\341tica de estados}{chapter.5}
\BOOKMARK [2][-]{subsection.5.3.1}{Lineariza\347\343o do modelo cinem\341tico de postura}{section.5.3}
\BOOKMARK [1][-]{section.5.4}{Lineariza\347\343o din\342mica entrada-sa\355da}{chapter.5}
\BOOKMARK [1][-]{section.5.5}{Controle em coordenadas polares}{chapter.5}
\BOOKMARK [1][-]{section.5.6}{Controle cinem\341tico variante no tempo}{chapter.5}
\BOOKMARK [2][-]{subsection.5.6.1}{Lei de controle linear}{section.5.6}
\BOOKMARK [2][-]{subsection.5.6.2}{Lei de controle n\343o linear}{section.5.6}
\BOOKMARK [0][-]{chapter.6}{Conclus\365es}{}
\BOOKMARK [0][-]{appendix.A}{Defini\347\365es Matem\341ticas}{}
\BOOKMARK [1][-]{section.A.1}{Geometria diferencial}{appendix.A}
\BOOKMARK [1][-]{section.A.2}{Teoremas}{appendix.A}
\BOOKMARK [1][-]{section.A.3}{Estabilizabilidade e controlabilidade}{appendix.A}
